<?xml version="1.0" encoding="UTF-8"?>
<testsuite xmlns:xsi="http://www.w3.org/2001/XMLSchema-instance" xsi:noNamespaceSchemaLocation="https://maven.apache.org/surefire/maven-surefire-plugin/xsd/surefire-test-report-3.0.xsd" version="3.0" name="com.tcmp.optosval.MySpringBootApplicationTest" time="13.989" tests="1" errors="1" skipped="0" failures="0">
  <properties>
    <property name="java.specification.version" value="17"/>
    <property name="sun.cpu.isalist" value="amd64"/>
    <property name="sun.jnu.encoding" value="Cp1252"/>
    <property name="java.class.path" value="C:\Users\TCM-00029\Documents\GitHub\optosval\target\test-classes;C:\Users\TCM-00029\Documents\GitHub\optosval\target\classes;C:\Users\TCM-00029\.m2\repository\org\springframework\boot\spring-boot-starter-web\2.7.5\spring-boot-starter-web-2.7.5.jar;C:\Users\TCM-00029\.m2\repository\org\springframework\boot\spring-boot-starter\2.7.5\spring-boot-starter-2.7.5.jar;C:\Users\TCM-00029\.m2\repository\org\springframework\boot\spring-boot\2.7.5\spring-boot-2.7.5.jar;C:\Users\TCM-00029\.m2\repository\org\springframework\boot\spring-boot-autoconfigure\2.7.5\spring-boot-autoconfigure-2.7.5.jar;C:\Users\TCM-00029\.m2\repository\org\springframework\boot\spring-boot-starter-logging\2.7.5\spring-boot-starter-logging-2.7.5.jar;C:\Users\TCM-00029\.m2\repository\ch\qos\logback\logback-classic\1.2.11\logback-classic-1.2.11.jar;C:\Users\TCM-00029\.m2\repository\ch\qos\logback\logback-core\1.2.11\logback-core-1.2.11.jar;C:\Users\TCM-00029\.m2\repository\org\apache\logging\log4j\log4j-to-slf4j\2.17.2\log4j-to-slf4j-2.17.2.jar;C:\Users\TCM-00029\.m2\repository\org\apache\logging\log4j\log4j-api\2.17.2\log4j-api-2.17.2.jar;C:\Users\TCM-00029\.m2\repository\org\slf4j\jul-to-slf4j\1.7.36\jul-to-slf4j-1.7.36.jar;C:\Users\TCM-00029\.m2\repository\jakarta\annotation\jakarta.annotation-api\1.3.5\jakarta.annotation-api-1.3.5.jar;C:\Users\TCM-00029\.m2\repository\org\yaml\snakeyaml\1.30\snakeyaml-1.30.jar;C:\Users\TCM-00029\.m2\repository\org\springframework\boot\spring-boot-starter-json\2.7.5\spring-boot-starter-json-2.7.5.jar;C:\Users\TCM-00029\.m2\repository\com\fasterxml\jackson\core\jackson-databind\2.13.4.2\jackson-databind-2.13.4.2.jar;C:\Users\TCM-00029\.m2\repository\com\fasterxml\jackson\core\jackson-annotations\2.13.4\jackson-annotations-2.13.4.jar;C:\Users\TCM-00029\.m2\repository\com\fasterxml\jackson\core\jackson-core\2.13.4\jackson-core-2.13.4.jar;C:\Users\TCM-00029\.m2\repository\com\fasterxml\jackson\datatype\jackson-datatype-jdk8\2.13.4\jackson-datatype-jdk8-2.13.4.jar;C:\Users\TCM-00029\.m2\repository\com\fasterxml\jackson\datatype\jackson-datatype-jsr310\2.13.4\jackson-datatype-jsr310-2.13.4.jar;C:\Users\TCM-00029\.m2\repository\com\fasterxml\jackson\module\jackson-module-parameter-names\2.13.4\jackson-module-parameter-names-2.13.4.jar;C:\Users\TCM-00029\.m2\repository\org\springframework\spring-web\5.3.23\spring-web-5.3.23.jar;C:\Users\TCM-00029\.m2\repository\org\springframework\spring-beans\5.3.23\spring-beans-5.3.23.jar;C:\Users\TCM-00029\.m2\repository\org\springframework\spring-webmvc\5.3.23\spring-webmvc-5.3.23.jar;C:\Users\TCM-00029\.m2\repository\org\springframework\spring-aop\5.3.23\spring-aop-5.3.23.jar;C:\Users\TCM-00029\.m2\repository\org\springframework\spring-context\5.3.23\spring-context-5.3.23.jar;C:\Users\TCM-00029\.m2\repository\org\springframework\spring-expression\5.3.23\spring-expression-5.3.23.jar;C:\Users\TCM-00029\.m2\repository\org\springframework\boot\spring-boot-starter-undertow\2.7.5\spring-boot-starter-undertow-2.7.5.jar;C:\Users\TCM-00029\.m2\repository\io\undertow\undertow-core\2.2.20.Final\undertow-core-2.2.20.Final.jar;C:\Users\TCM-00029\.m2\repository\org\jboss\logging\jboss-logging\3.4.3.Final\jboss-logging-3.4.3.Final.jar;C:\Users\TCM-00029\.m2\repository\org\jboss\xnio\xnio-api\3.8.7.Final\xnio-api-3.8.7.Final.jar;C:\Users\TCM-00029\.m2\repository\org\wildfly\common\wildfly-common\1.5.4.Final\wildfly-common-1.5.4.Final.jar;C:\Users\TCM-00029\.m2\repository\org\wildfly\client\wildfly-client-config\1.0.1.Final\wildfly-client-config-1.0.1.Final.jar;C:\Users\TCM-00029\.m2\repository\org\jboss\xnio\xnio-nio\3.8.7.Final\xnio-nio-3.8.7.Final.jar;C:\Users\TCM-00029\.m2\repository\org\jboss\threads\jboss-threads\3.1.0.Final\jboss-threads-3.1.0.Final.jar;C:\Users\TCM-00029\.m2\repository\io\undertow\undertow-servlet\2.2.20.Final\undertow-servlet-2.2.20.Final.jar;C:\Users\TCM-00029\.m2\repository\io\undertow\undertow-websockets-jsr\2.2.20.Final\undertow-websockets-jsr-2.2.20.Final.jar;C:\Users\TCM-00029\.m2\repository\jakarta\servlet\jakarta.servlet-api\4.0.4\jakarta.servlet-api-4.0.4.jar;C:\Users\TCM-00029\.m2\repository\jakarta\websocket\jakarta.websocket-api\1.1.2\jakarta.websocket-api-1.1.2.jar;C:\Users\TCM-00029\.m2\repository\org\apache\tomcat\embed\tomcat-embed-el\9.0.68\tomcat-embed-el-9.0.68.jar;C:\Users\TCM-00029\.m2\repository\org\springframework\boot\spring-boot-starter-actuator\2.7.5\spring-boot-starter-actuator-2.7.5.jar;C:\Users\TCM-00029\.m2\repository\org\springframework\boot\spring-boot-actuator-autoconfigure\2.7.5\spring-boot-actuator-autoconfigure-2.7.5.jar;C:\Users\TCM-00029\.m2\repository\org\springframework\boot\spring-boot-actuator\2.7.5\spring-boot-actuator-2.7.5.jar;C:\Users\TCM-00029\.m2\repository\io\micrometer\micrometer-core\1.9.5\micrometer-core-1.9.5.jar;C:\Users\TCM-00029\.m2\repository\org\hdrhistogram\HdrHistogram\2.1.12\HdrHistogram-2.1.12.jar;C:\Users\TCM-00029\.m2\repository\org\latencyutils\LatencyUtils\2.0.3\LatencyUtils-2.0.3.jar;C:\Users\TCM-00029\.m2\repository\org\apache\camel\springboot\camel-spring-boot-starter\3.18.3\camel-spring-boot-starter-3.18.3.jar;C:\Users\TCM-00029\.m2\repository\org\apache\camel\springboot\camel-spring-boot\3.18.3\camel-spring-boot-3.18.3.jar;C:\Users\TCM-00029\.m2\repository\org\apache\camel\camel-spring\3.18.3\camel-spring-3.18.3.jar;C:\Users\TCM-00029\.m2\repository\org\apache\camel\camel-management-api\3.18.3\camel-management-api-3.18.3.jar;C:\Users\TCM-00029\.m2\repository\org\apache\camel\camel-spring-main\3.18.3\camel-spring-main-3.18.3.jar;C:\Users\TCM-00029\.m2\repository\org\apache\camel\camel-main\3.18.3\camel-main-3.18.3.jar;C:\Users\TCM-00029\.m2\repository\org\apache\camel\camel-base\3.18.3\camel-base-3.18.3.jar;C:\Users\TCM-00029\.m2\repository\org\apache\camel\camel-util-json\3.18.3\camel-util-json-3.18.3.jar;C:\Users\TCM-00029\.m2\repository\org\apache\camel\camel-xml-jaxb-dsl\3.18.3\camel-xml-jaxb-dsl-3.18.3.jar;C:\Users\TCM-00029\.m2\repository\org\apache\camel\camel-dsl-support\3.18.3\camel-dsl-support-3.18.3.jar;C:\Users\TCM-00029\.m2\repository\org\apache\camel\camel-cloud\3.18.3\camel-cloud-3.18.3.jar;C:\Users\TCM-00029\.m2\repository\org\apache\camel\camel-core-model\3.18.3\camel-core-model-3.18.3.jar;C:\Users\TCM-00029\.m2\repository\org\apache\camel\camel-core-processor\3.18.3\camel-core-processor-3.18.3.jar;C:\Users\TCM-00029\.m2\repository\org\apache\camel\camel-cluster\3.18.3\camel-cluster-3.18.3.jar;C:\Users\TCM-00029\.m2\repository\org\apache\camel\camel-base-engine\3.18.3\camel-base-engine-3.18.3.jar;C:\Users\TCM-00029\.m2\repository\org\apache\camel\camel-health\3.18.3\camel-health-3.18.3.jar;C:\Users\TCM-00029\.m2\repository\org\apache\camel\springboot\camel-core-starter\3.18.3\camel-core-starter-3.18.3.jar;C:\Users\TCM-00029\.m2\repository\org\apache\camel\camel-core-engine\3.18.3\camel-core-engine-3.18.3.jar;C:\Users\TCM-00029\.m2\repository\org\apache\camel\camel-api\3.18.3\camel-api-3.18.3.jar;C:\Users\TCM-00029\.m2\repository\org\apache\camel\camel-core-reifier\3.18.3\camel-core-reifier-3.18.3.jar;C:\Users\TCM-00029\.m2\repository\org\apache\camel\camel-util\3.18.3\camel-util-3.18.3.jar;C:\Users\TCM-00029\.m2\repository\org\apache\camel\springboot\camel-bean-starter\3.18.3\camel-bean-starter-3.18.3.jar;C:\Users\TCM-00029\.m2\repository\org\apache\camel\camel-bean\3.18.3\camel-bean-3.18.3.jar;C:\Users\TCM-00029\.m2\repository\org\apache\camel\springboot\camel-browse-starter\3.18.3\camel-browse-starter-3.18.3.jar;C:\Users\TCM-00029\.m2\repository\org\apache\camel\camel-browse\3.18.3\camel-browse-3.18.3.jar;C:\Users\TCM-00029\.m2\repository\org\apache\camel\springboot\camel-controlbus-starter\3.18.3\camel-controlbus-starter-3.18.3.jar;C:\Users\TCM-00029\.m2\repository\org\apache\camel\camel-controlbus\3.18.3\camel-controlbus-3.18.3.jar;C:\Users\TCM-00029\.m2\repository\org\apache\camel\springboot\camel-dataformat-starter\3.18.3\camel-dataformat-starter-3.18.3.jar;C:\Users\TCM-00029\.m2\repository\org\apache\camel\camel-dataformat\3.18.3\camel-dataformat-3.18.3.jar;C:\Users\TCM-00029\.m2\repository\org\apache\camel\springboot\camel-dataset-starter\3.18.3\camel-dataset-starter-3.18.3.jar;C:\Users\TCM-00029\.m2\repository\org\apache\camel\camel-dataset\3.18.3\camel-dataset-3.18.3.jar;C:\Users\TCM-00029\.m2\repository\org\apache\camel\springboot\camel-directvm-starter\3.18.3\camel-directvm-starter-3.18.3.jar;C:\Users\TCM-00029\.m2\repository\org\apache\camel\camel-directvm\3.18.3\camel-directvm-3.18.3.jar;C:\Users\TCM-00029\.m2\repository\org\apache\camel\springboot\camel-file-starter\3.18.3\camel-file-starter-3.18.3.jar;C:\Users\TCM-00029\.m2\repository\org\apache\camel\camel-file\3.18.3\camel-file-3.18.3.jar;C:\Users\TCM-00029\.m2\repository\org\apache\camel\springboot\camel-language-starter\3.18.3\camel-language-starter-3.18.3.jar;C:\Users\TCM-00029\.m2\repository\org\apache\camel\camel-language\3.18.3\camel-language-3.18.3.jar;C:\Users\TCM-00029\.m2\repository\org\apache\camel\springboot\camel-log-starter\3.18.3\camel-log-starter-3.18.3.jar;C:\Users\TCM-00029\.m2\repository\org\apache\camel\camel-log\3.18.3\camel-log-3.18.3.jar;C:\Users\TCM-00029\.m2\repository\org\apache\camel\springboot\camel-mock-starter\3.18.3\camel-mock-starter-3.18.3.jar;C:\Users\TCM-00029\.m2\repository\org\apache\camel\camel-mock\3.18.3\camel-mock-3.18.3.jar;C:\Users\TCM-00029\.m2\repository\org\apache\camel\springboot\camel-ref-starter\3.18.3\camel-ref-starter-3.18.3.jar;C:\Users\TCM-00029\.m2\repository\org\apache\camel\camel-ref\3.18.3\camel-ref-3.18.3.jar;C:\Users\TCM-00029\.m2\repository\org\apache\camel\springboot\camel-rest-starter\3.18.3\camel-rest-starter-3.18.3.jar;C:\Users\TCM-00029\.m2\repository\org\apache\camel\camel-rest\3.18.3\camel-rest-3.18.3.jar;C:\Users\TCM-00029\.m2\repository\org\apache\camel\camel-tooling-model\3.18.3\camel-tooling-model-3.18.3.jar;C:\Users\TCM-00029\.m2\repository\org\apache\camel\springboot\camel-saga-starter\3.18.3\camel-saga-starter-3.18.3.jar;C:\Users\TCM-00029\.m2\repository\org\apache\camel\camel-saga\3.18.3\camel-saga-3.18.3.jar;C:\Users\TCM-00029\.m2\repository\org\apache\camel\springboot\camel-scheduler-starter\3.18.3\camel-scheduler-starter-3.18.3.jar;C:\Users\TCM-00029\.m2\repository\org\apache\camel\camel-scheduler\3.18.3\camel-scheduler-3.18.3.jar;C:\Users\TCM-00029\.m2\repository\org\apache\camel\springboot\camel-seda-starter\3.18.3\camel-seda-starter-3.18.3.jar;C:\Users\TCM-00029\.m2\repository\org\apache\camel\camel-seda\3.18.3\camel-seda-3.18.3.jar;C:\Users\TCM-00029\.m2\repository\org\apache\camel\springboot\camel-stub-starter\3.18.3\camel-stub-starter-3.18.3.jar;C:\Users\TCM-00029\.m2\repository\org\apache\camel\camel-stub\3.18.3\camel-stub-3.18.3.jar;C:\Users\TCM-00029\.m2\repository\org\apache\camel\springboot\camel-timer-starter\3.18.3\camel-timer-starter-3.18.3.jar;C:\Users\TCM-00029\.m2\repository\org\apache\camel\camel-timer\3.18.3\camel-timer-3.18.3.jar;C:\Users\TCM-00029\.m2\repository\org\apache\camel\springboot\camel-validator-starter\3.18.3\camel-validator-starter-3.18.3.jar;C:\Users\TCM-00029\.m2\repository\org\apache\camel\camel-validator\3.18.3\camel-validator-3.18.3.jar;C:\Users\TCM-00029\.m2\repository\org\apache\camel\springboot\camel-vm-starter\3.18.3\camel-vm-starter-3.18.3.jar;C:\Users\TCM-00029\.m2\repository\org\apache\camel\camel-vm\3.18.3\camel-vm-3.18.3.jar;C:\Users\TCM-00029\.m2\repository\org\apache\camel\springboot\camel-xpath-starter\3.18.3\camel-xpath-starter-3.18.3.jar;C:\Users\TCM-00029\.m2\repository\org\apache\camel\camel-xpath\3.18.3\camel-xpath-3.18.3.jar;C:\Users\TCM-00029\.m2\repository\org\apache\camel\springboot\camel-xslt-starter\3.18.3\camel-xslt-starter-3.18.3.jar;C:\Users\TCM-00029\.m2\repository\org\apache\camel\camel-xslt\3.18.3\camel-xslt-3.18.3.jar;C:\Users\TCM-00029\.m2\repository\org\apache\camel\springboot\camel-xml-jaxp-starter\3.18.3\camel-xml-jaxp-starter-3.18.3.jar;C:\Users\TCM-00029\.m2\repository\org\apache\camel\camel-xml-jaxp\3.18.3\camel-xml-jaxp-3.18.3.jar;C:\Users\TCM-00029\.m2\repository\org\apache\camel\camel-xml-io-util\3.18.3\camel-xml-io-util-3.18.3.jar;C:\Users\TCM-00029\.m2\repository\org\apache\camel\springboot\camel-stream-starter\3.18.3\camel-stream-starter-3.18.3.jar;C:\Users\TCM-00029\.m2\repository\org\apache\camel\camel-stream\3.18.3\camel-stream-3.18.3.jar;C:\Users\TCM-00029\.m2\repository\org\apache\camel\camel-support\3.18.3\camel-support-3.18.3.jar;C:\Users\TCM-00029\.m2\repository\org\springframework\boot\spring-boot-starter-test\2.7.5\spring-boot-starter-test-2.7.5.jar;C:\Users\TCM-00029\.m2\repository\org\springframework\boot\spring-boot-test\2.7.5\spring-boot-test-2.7.5.jar;C:\Users\TCM-00029\.m2\repository\org\springframework\boot\spring-boot-test-autoconfigure\2.7.5\spring-boot-test-autoconfigure-2.7.5.jar;C:\Users\TCM-00029\.m2\repository\com\jayway\jsonpath\json-path\2.7.0\json-path-2.7.0.jar;C:\Users\TCM-00029\.m2\repository\net\minidev\json-smart\2.4.8\json-smart-2.4.8.jar;C:\Users\TCM-00029\.m2\repository\net\minidev\accessors-smart\2.4.8\accessors-smart-2.4.8.jar;C:\Users\TCM-00029\.m2\repository\org\ow2\asm\asm\9.1\asm-9.1.jar;C:\Users\TCM-00029\.m2\repository\org\slf4j\slf4j-api\1.7.36\slf4j-api-1.7.36.jar;C:\Users\TCM-00029\.m2\repository\jakarta\xml\bind\jakarta.xml.bind-api\2.3.3\jakarta.xml.bind-api-2.3.3.jar;C:\Users\TCM-00029\.m2\repository\jakarta\activation\jakarta.activation-api\1.2.2\jakarta.activation-api-1.2.2.jar;C:\Users\TCM-00029\.m2\repository\org\assertj\assertj-core\3.22.0\assertj-core-3.22.0.jar;C:\Users\TCM-00029\.m2\repository\org\hamcrest\hamcrest\2.2\hamcrest-2.2.jar;C:\Users\TCM-00029\.m2\repository\org\junit\jupiter\junit-jupiter\5.8.2\junit-jupiter-5.8.2.jar;C:\Users\TCM-00029\.m2\repository\org\junit\jupiter\junit-jupiter-api\5.8.2\junit-jupiter-api-5.8.2.jar;C:\Users\TCM-00029\.m2\repository\org\opentest4j\opentest4j\1.2.0\opentest4j-1.2.0.jar;C:\Users\TCM-00029\.m2\repository\org\junit\platform\junit-platform-commons\1.8.2\junit-platform-commons-1.8.2.jar;C:\Users\TCM-00029\.m2\repository\org\apiguardian\apiguardian-api\1.1.2\apiguardian-api-1.1.2.jar;C:\Users\TCM-00029\.m2\repository\org\junit\jupiter\junit-jupiter-params\5.8.2\junit-jupiter-params-5.8.2.jar;C:\Users\TCM-00029\.m2\repository\org\junit\jupiter\junit-jupiter-engine\5.8.2\junit-jupiter-engine-5.8.2.jar;C:\Users\TCM-00029\.m2\repository\org\junit\platform\junit-platform-engine\1.8.2\junit-platform-engine-1.8.2.jar;C:\Users\TCM-00029\.m2\repository\org\mockito\mockito-core\4.5.1\mockito-core-4.5.1.jar;C:\Users\TCM-00029\.m2\repository\net\bytebuddy\byte-buddy\1.12.18\byte-buddy-1.12.18.jar;C:\Users\TCM-00029\.m2\repository\net\bytebuddy\byte-buddy-agent\1.12.18\byte-buddy-agent-1.12.18.jar;C:\Users\TCM-00029\.m2\repository\org\objenesis\objenesis\3.2\objenesis-3.2.jar;C:\Users\TCM-00029\.m2\repository\org\mockito\mockito-junit-jupiter\4.5.1\mockito-junit-jupiter-4.5.1.jar;C:\Users\TCM-00029\.m2\repository\org\skyscreamer\jsonassert\1.5.1\jsonassert-1.5.1.jar;C:\Users\TCM-00029\.m2\repository\com\vaadin\external\google\android-json\0.0.20131108.vaadin1\android-json-0.0.20131108.vaadin1.jar;C:\Users\TCM-00029\.m2\repository\org\springframework\spring-core\5.3.23\spring-core-5.3.23.jar;C:\Users\TCM-00029\.m2\repository\org\springframework\spring-jcl\5.3.23\spring-jcl-5.3.23.jar;C:\Users\TCM-00029\.m2\repository\org\springframework\spring-test\5.3.23\spring-test-5.3.23.jar;C:\Users\TCM-00029\.m2\repository\org\xmlunit\xmlunit-core\2.9.0\xmlunit-core-2.9.0.jar;C:\Users\TCM-00029\.m2\repository\org\apache\camel\camel-test-spring-junit5\3.18.3\camel-test-spring-junit5-3.18.3.jar;C:\Users\TCM-00029\.m2\repository\org\apache\camel\camel-test-junit5\3.18.3\camel-test-junit5-3.18.3.jar;C:\Users\TCM-00029\.m2\repository\org\apache\camel\camel-core-languages\3.18.3\camel-core-languages-3.18.3.jar;C:\Users\TCM-00029\.m2\repository\org\apache\camel\camel-spring-xml\3.18.3\camel-spring-xml-3.18.3.jar;C:\Users\TCM-00029\.m2\repository\org\apache\camel\camel-xml-jaxb\3.18.3\camel-xml-jaxb-3.18.3.jar;C:\Users\TCM-00029\.m2\repository\com\sun\xml\bind\jaxb-core\2.3.0\jaxb-core-2.3.0.jar;C:\Users\TCM-00029\.m2\repository\com\sun\xml\bind\jaxb-impl\2.3.3\jaxb-impl-2.3.3.jar;C:\Users\TCM-00029\.m2\repository\com\sun\activation\jakarta.activation\1.2.2\jakarta.activation-1.2.2.jar;C:\Users\TCM-00029\.m2\repository\org\apache\camel\camel-core-xml\3.18.3\camel-core-xml-3.18.3.jar;C:\Users\TCM-00029\.m2\repository\javax\annotation\javax.annotation-api\1.3.2\javax.annotation-api-1.3.2.jar;C:\Users\TCM-00029\.m2\repository\org\apache\camel\springboot\camel-direct-starter\3.18.3\camel-direct-starter-3.18.3.jar;C:\Users\TCM-00029\.m2\repository\org\apache\camel\camel-direct\3.18.3\camel-direct-3.18.3.jar;C:\Users\TCM-00029\.m2\repository\org\apache\commons\commons-csv\1.10.0\commons-csv-1.10.0.jar;C:\Users\TCM-00029\.m2\repository\org\projectlombok\lombok\1.18.24\lombok-1.18.24.jar;C:\Users\TCM-00029\.m2\repository\org\springframework\boot\spring-boot-starter-data-mongodb\2.7.5\spring-boot-starter-data-mongodb-2.7.5.jar;C:\Users\TCM-00029\.m2\repository\org\mongodb\mongodb-driver-sync\4.6.1\mongodb-driver-sync-4.6.1.jar;C:\Users\TCM-00029\.m2\repository\org\mongodb\bson\4.6.1\bson-4.6.1.jar;C:\Users\TCM-00029\.m2\repository\org\mongodb\mongodb-driver-core\4.6.1\mongodb-driver-core-4.6.1.jar;C:\Users\TCM-00029\.m2\repository\org\mongodb\bson-record-codec\4.6.1\bson-record-codec-4.6.1.jar;C:\Users\TCM-00029\.m2\repository\org\springframework\data\spring-data-mongodb\3.4.5\spring-data-mongodb-3.4.5.jar;C:\Users\TCM-00029\.m2\repository\org\springframework\spring-tx\5.3.23\spring-tx-5.3.23.jar;C:\Users\TCM-00029\.m2\repository\org\springframework\data\spring-data-commons\2.7.5\spring-data-commons-2.7.5.jar;C:\Users\TCM-00029\.m2\repository\com\opencsv\opencsv\5.6\opencsv-5.6.jar;C:\Users\TCM-00029\.m2\repository\org\apache\commons\commons-lang3\3.12.0\commons-lang3-3.12.0.jar;C:\Users\TCM-00029\.m2\repository\org\apache\commons\commons-text\1.9\commons-text-1.9.jar;C:\Users\TCM-00029\.m2\repository\commons-beanutils\commons-beanutils\1.9.4\commons-beanutils-1.9.4.jar;C:\Users\TCM-00029\.m2\repository\commons-logging\commons-logging\1.2\commons-logging-1.2.jar;C:\Users\TCM-00029\.m2\repository\commons-collections\commons-collections\3.2.2\commons-collections-3.2.2.jar;C:\Users\TCM-00029\.m2\repository\org\apache\commons\commons-collections4\4.4\commons-collections4-4.4.jar;"/>
    <property name="java.vm.vendor" value="Amazon.com Inc."/>
    <property name="sun.arch.data.model" value="64"/>
    <property name="user.variant" value=""/>
    <property name="java.vendor.url" value="https://aws.amazon.com/corretto/"/>
    <property name="user.timezone" value="America/Mexico_City"/>
    <property name="os.name" value="Windows 10"/>
    <property name="java.vm.specification.version" value="17"/>
    <property name="sun.java.launcher" value="SUN_STANDARD"/>
    <property name="user.country" value="MX"/>
    <property name="sun.boot.library.path" value="C:\Users\TCM-00029\.jdks\corretto-17.0.12\bin"/>
    <property name="sun.java.command" value="C:\Users\TCM-00029\AppData\Local\Temp\surefire9893474003793961540\surefirebooter3360794831028897210.jar C:\Users\TCM-00029\AppData\Local\Temp\surefire9893474003793961540 2024-12-16T13-14-59_658-jvmRun1 surefire7885772908364557354tmp surefire_01097628351058712265tmp"/>
    <property name="jdk.debug" value="release"/>
    <property name="surefire.test.class.path" value="C:\Users\TCM-00029\Documents\GitHub\optosval\target\test-classes;C:\Users\TCM-00029\Documents\GitHub\optosval\target\classes;C:\Users\TCM-00029\.m2\repository\org\springframework\boot\spring-boot-starter-web\2.7.5\spring-boot-starter-web-2.7.5.jar;C:\Users\TCM-00029\.m2\repository\org\springframework\boot\spring-boot-starter\2.7.5\spring-boot-starter-2.7.5.jar;C:\Users\TCM-00029\.m2\repository\org\springframework\boot\spring-boot\2.7.5\spring-boot-2.7.5.jar;C:\Users\TCM-00029\.m2\repository\org\springframework\boot\spring-boot-autoconfigure\2.7.5\spring-boot-autoconfigure-2.7.5.jar;C:\Users\TCM-00029\.m2\repository\org\springframework\boot\spring-boot-starter-logging\2.7.5\spring-boot-starter-logging-2.7.5.jar;C:\Users\TCM-00029\.m2\repository\ch\qos\logback\logback-classic\1.2.11\logback-classic-1.2.11.jar;C:\Users\TCM-00029\.m2\repository\ch\qos\logback\logback-core\1.2.11\logback-core-1.2.11.jar;C:\Users\TCM-00029\.m2\repository\org\apache\logging\log4j\log4j-to-slf4j\2.17.2\log4j-to-slf4j-2.17.2.jar;C:\Users\TCM-00029\.m2\repository\org\apache\logging\log4j\log4j-api\2.17.2\log4j-api-2.17.2.jar;C:\Users\TCM-00029\.m2\repository\org\slf4j\jul-to-slf4j\1.7.36\jul-to-slf4j-1.7.36.jar;C:\Users\TCM-00029\.m2\repository\jakarta\annotation\jakarta.annotation-api\1.3.5\jakarta.annotation-api-1.3.5.jar;C:\Users\TCM-00029\.m2\repository\org\yaml\snakeyaml\1.30\snakeyaml-1.30.jar;C:\Users\TCM-00029\.m2\repository\org\springframework\boot\spring-boot-starter-json\2.7.5\spring-boot-starter-json-2.7.5.jar;C:\Users\TCM-00029\.m2\repository\com\fasterxml\jackson\core\jackson-databind\2.13.4.2\jackson-databind-2.13.4.2.jar;C:\Users\TCM-00029\.m2\repository\com\fasterxml\jackson\core\jackson-annotations\2.13.4\jackson-annotations-2.13.4.jar;C:\Users\TCM-00029\.m2\repository\com\fasterxml\jackson\core\jackson-core\2.13.4\jackson-core-2.13.4.jar;C:\Users\TCM-00029\.m2\repository\com\fasterxml\jackson\datatype\jackson-datatype-jdk8\2.13.4\jackson-datatype-jdk8-2.13.4.jar;C:\Users\TCM-00029\.m2\repository\com\fasterxml\jackson\datatype\jackson-datatype-jsr310\2.13.4\jackson-datatype-jsr310-2.13.4.jar;C:\Users\TCM-00029\.m2\repository\com\fasterxml\jackson\module\jackson-module-parameter-names\2.13.4\jackson-module-parameter-names-2.13.4.jar;C:\Users\TCM-00029\.m2\repository\org\springframework\spring-web\5.3.23\spring-web-5.3.23.jar;C:\Users\TCM-00029\.m2\repository\org\springframework\spring-beans\5.3.23\spring-beans-5.3.23.jar;C:\Users\TCM-00029\.m2\repository\org\springframework\spring-webmvc\5.3.23\spring-webmvc-5.3.23.jar;C:\Users\TCM-00029\.m2\repository\org\springframework\spring-aop\5.3.23\spring-aop-5.3.23.jar;C:\Users\TCM-00029\.m2\repository\org\springframework\spring-context\5.3.23\spring-context-5.3.23.jar;C:\Users\TCM-00029\.m2\repository\org\springframework\spring-expression\5.3.23\spring-expression-5.3.23.jar;C:\Users\TCM-00029\.m2\repository\org\springframework\boot\spring-boot-starter-undertow\2.7.5\spring-boot-starter-undertow-2.7.5.jar;C:\Users\TCM-00029\.m2\repository\io\undertow\undertow-core\2.2.20.Final\undertow-core-2.2.20.Final.jar;C:\Users\TCM-00029\.m2\repository\org\jboss\logging\jboss-logging\3.4.3.Final\jboss-logging-3.4.3.Final.jar;C:\Users\TCM-00029\.m2\repository\org\jboss\xnio\xnio-api\3.8.7.Final\xnio-api-3.8.7.Final.jar;C:\Users\TCM-00029\.m2\repository\org\wildfly\common\wildfly-common\1.5.4.Final\wildfly-common-1.5.4.Final.jar;C:\Users\TCM-00029\.m2\repository\org\wildfly\client\wildfly-client-config\1.0.1.Final\wildfly-client-config-1.0.1.Final.jar;C:\Users\TCM-00029\.m2\repository\org\jboss\xnio\xnio-nio\3.8.7.Final\xnio-nio-3.8.7.Final.jar;C:\Users\TCM-00029\.m2\repository\org\jboss\threads\jboss-threads\3.1.0.Final\jboss-threads-3.1.0.Final.jar;C:\Users\TCM-00029\.m2\repository\io\undertow\undertow-servlet\2.2.20.Final\undertow-servlet-2.2.20.Final.jar;C:\Users\TCM-00029\.m2\repository\io\undertow\undertow-websockets-jsr\2.2.20.Final\undertow-websockets-jsr-2.2.20.Final.jar;C:\Users\TCM-00029\.m2\repository\jakarta\servlet\jakarta.servlet-api\4.0.4\jakarta.servlet-api-4.0.4.jar;C:\Users\TCM-00029\.m2\repository\jakarta\websocket\jakarta.websocket-api\1.1.2\jakarta.websocket-api-1.1.2.jar;C:\Users\TCM-00029\.m2\repository\org\apache\tomcat\embed\tomcat-embed-el\9.0.68\tomcat-embed-el-9.0.68.jar;C:\Users\TCM-00029\.m2\repository\org\springframework\boot\spring-boot-starter-actuator\2.7.5\spring-boot-starter-actuator-2.7.5.jar;C:\Users\TCM-00029\.m2\repository\org\springframework\boot\spring-boot-actuator-autoconfigure\2.7.5\spring-boot-actuator-autoconfigure-2.7.5.jar;C:\Users\TCM-00029\.m2\repository\org\springframework\boot\spring-boot-actuator\2.7.5\spring-boot-actuator-2.7.5.jar;C:\Users\TCM-00029\.m2\repository\io\micrometer\micrometer-core\1.9.5\micrometer-core-1.9.5.jar;C:\Users\TCM-00029\.m2\repository\org\hdrhistogram\HdrHistogram\2.1.12\HdrHistogram-2.1.12.jar;C:\Users\TCM-00029\.m2\repository\org\latencyutils\LatencyUtils\2.0.3\LatencyUtils-2.0.3.jar;C:\Users\TCM-00029\.m2\repository\org\apache\camel\springboot\camel-spring-boot-starter\3.18.3\camel-spring-boot-starter-3.18.3.jar;C:\Users\TCM-00029\.m2\repository\org\apache\camel\springboot\camel-spring-boot\3.18.3\camel-spring-boot-3.18.3.jar;C:\Users\TCM-00029\.m2\repository\org\apache\camel\camel-spring\3.18.3\camel-spring-3.18.3.jar;C:\Users\TCM-00029\.m2\repository\org\apache\camel\camel-management-api\3.18.3\camel-management-api-3.18.3.jar;C:\Users\TCM-00029\.m2\repository\org\apache\camel\camel-spring-main\3.18.3\camel-spring-main-3.18.3.jar;C:\Users\TCM-00029\.m2\repository\org\apache\camel\camel-main\3.18.3\camel-main-3.18.3.jar;C:\Users\TCM-00029\.m2\repository\org\apache\camel\camel-base\3.18.3\camel-base-3.18.3.jar;C:\Users\TCM-00029\.m2\repository\org\apache\camel\camel-util-json\3.18.3\camel-util-json-3.18.3.jar;C:\Users\TCM-00029\.m2\repository\org\apache\camel\camel-xml-jaxb-dsl\3.18.3\camel-xml-jaxb-dsl-3.18.3.jar;C:\Users\TCM-00029\.m2\repository\org\apache\camel\camel-dsl-support\3.18.3\camel-dsl-support-3.18.3.jar;C:\Users\TCM-00029\.m2\repository\org\apache\camel\camel-cloud\3.18.3\camel-cloud-3.18.3.jar;C:\Users\TCM-00029\.m2\repository\org\apache\camel\camel-core-model\3.18.3\camel-core-model-3.18.3.jar;C:\Users\TCM-00029\.m2\repository\org\apache\camel\camel-core-processor\3.18.3\camel-core-processor-3.18.3.jar;C:\Users\TCM-00029\.m2\repository\org\apache\camel\camel-cluster\3.18.3\camel-cluster-3.18.3.jar;C:\Users\TCM-00029\.m2\repository\org\apache\camel\camel-base-engine\3.18.3\camel-base-engine-3.18.3.jar;C:\Users\TCM-00029\.m2\repository\org\apache\camel\camel-health\3.18.3\camel-health-3.18.3.jar;C:\Users\TCM-00029\.m2\repository\org\apache\camel\springboot\camel-core-starter\3.18.3\camel-core-starter-3.18.3.jar;C:\Users\TCM-00029\.m2\repository\org\apache\camel\camel-core-engine\3.18.3\camel-core-engine-3.18.3.jar;C:\Users\TCM-00029\.m2\repository\org\apache\camel\camel-api\3.18.3\camel-api-3.18.3.jar;C:\Users\TCM-00029\.m2\repository\org\apache\camel\camel-core-reifier\3.18.3\camel-core-reifier-3.18.3.jar;C:\Users\TCM-00029\.m2\repository\org\apache\camel\camel-util\3.18.3\camel-util-3.18.3.jar;C:\Users\TCM-00029\.m2\repository\org\apache\camel\springboot\camel-bean-starter\3.18.3\camel-bean-starter-3.18.3.jar;C:\Users\TCM-00029\.m2\repository\org\apache\camel\camel-bean\3.18.3\camel-bean-3.18.3.jar;C:\Users\TCM-00029\.m2\repository\org\apache\camel\springboot\camel-browse-starter\3.18.3\camel-browse-starter-3.18.3.jar;C:\Users\TCM-00029\.m2\repository\org\apache\camel\camel-browse\3.18.3\camel-browse-3.18.3.jar;C:\Users\TCM-00029\.m2\repository\org\apache\camel\springboot\camel-controlbus-starter\3.18.3\camel-controlbus-starter-3.18.3.jar;C:\Users\TCM-00029\.m2\repository\org\apache\camel\camel-controlbus\3.18.3\camel-controlbus-3.18.3.jar;C:\Users\TCM-00029\.m2\repository\org\apache\camel\springboot\camel-dataformat-starter\3.18.3\camel-dataformat-starter-3.18.3.jar;C:\Users\TCM-00029\.m2\repository\org\apache\camel\camel-dataformat\3.18.3\camel-dataformat-3.18.3.jar;C:\Users\TCM-00029\.m2\repository\org\apache\camel\springboot\camel-dataset-starter\3.18.3\camel-dataset-starter-3.18.3.jar;C:\Users\TCM-00029\.m2\repository\org\apache\camel\camel-dataset\3.18.3\camel-dataset-3.18.3.jar;C:\Users\TCM-00029\.m2\repository\org\apache\camel\springboot\camel-directvm-starter\3.18.3\camel-directvm-starter-3.18.3.jar;C:\Users\TCM-00029\.m2\repository\org\apache\camel\camel-directvm\3.18.3\camel-directvm-3.18.3.jar;C:\Users\TCM-00029\.m2\repository\org\apache\camel\springboot\camel-file-starter\3.18.3\camel-file-starter-3.18.3.jar;C:\Users\TCM-00029\.m2\repository\org\apache\camel\camel-file\3.18.3\camel-file-3.18.3.jar;C:\Users\TCM-00029\.m2\repository\org\apache\camel\springboot\camel-language-starter\3.18.3\camel-language-starter-3.18.3.jar;C:\Users\TCM-00029\.m2\repository\org\apache\camel\camel-language\3.18.3\camel-language-3.18.3.jar;C:\Users\TCM-00029\.m2\repository\org\apache\camel\springboot\camel-log-starter\3.18.3\camel-log-starter-3.18.3.jar;C:\Users\TCM-00029\.m2\repository\org\apache\camel\camel-log\3.18.3\camel-log-3.18.3.jar;C:\Users\TCM-00029\.m2\repository\org\apache\camel\springboot\camel-mock-starter\3.18.3\camel-mock-starter-3.18.3.jar;C:\Users\TCM-00029\.m2\repository\org\apache\camel\camel-mock\3.18.3\camel-mock-3.18.3.jar;C:\Users\TCM-00029\.m2\repository\org\apache\camel\springboot\camel-ref-starter\3.18.3\camel-ref-starter-3.18.3.jar;C:\Users\TCM-00029\.m2\repository\org\apache\camel\camel-ref\3.18.3\camel-ref-3.18.3.jar;C:\Users\TCM-00029\.m2\repository\org\apache\camel\springboot\camel-rest-starter\3.18.3\camel-rest-starter-3.18.3.jar;C:\Users\TCM-00029\.m2\repository\org\apache\camel\camel-rest\3.18.3\camel-rest-3.18.3.jar;C:\Users\TCM-00029\.m2\repository\org\apache\camel\camel-tooling-model\3.18.3\camel-tooling-model-3.18.3.jar;C:\Users\TCM-00029\.m2\repository\org\apache\camel\springboot\camel-saga-starter\3.18.3\camel-saga-starter-3.18.3.jar;C:\Users\TCM-00029\.m2\repository\org\apache\camel\camel-saga\3.18.3\camel-saga-3.18.3.jar;C:\Users\TCM-00029\.m2\repository\org\apache\camel\springboot\camel-scheduler-starter\3.18.3\camel-scheduler-starter-3.18.3.jar;C:\Users\TCM-00029\.m2\repository\org\apache\camel\camel-scheduler\3.18.3\camel-scheduler-3.18.3.jar;C:\Users\TCM-00029\.m2\repository\org\apache\camel\springboot\camel-seda-starter\3.18.3\camel-seda-starter-3.18.3.jar;C:\Users\TCM-00029\.m2\repository\org\apache\camel\camel-seda\3.18.3\camel-seda-3.18.3.jar;C:\Users\TCM-00029\.m2\repository\org\apache\camel\springboot\camel-stub-starter\3.18.3\camel-stub-starter-3.18.3.jar;C:\Users\TCM-00029\.m2\repository\org\apache\camel\camel-stub\3.18.3\camel-stub-3.18.3.jar;C:\Users\TCM-00029\.m2\repository\org\apache\camel\springboot\camel-timer-starter\3.18.3\camel-timer-starter-3.18.3.jar;C:\Users\TCM-00029\.m2\repository\org\apache\camel\camel-timer\3.18.3\camel-timer-3.18.3.jar;C:\Users\TCM-00029\.m2\repository\org\apache\camel\springboot\camel-validator-starter\3.18.3\camel-validator-starter-3.18.3.jar;C:\Users\TCM-00029\.m2\repository\org\apache\camel\camel-validator\3.18.3\camel-validator-3.18.3.jar;C:\Users\TCM-00029\.m2\repository\org\apache\camel\springboot\camel-vm-starter\3.18.3\camel-vm-starter-3.18.3.jar;C:\Users\TCM-00029\.m2\repository\org\apache\camel\camel-vm\3.18.3\camel-vm-3.18.3.jar;C:\Users\TCM-00029\.m2\repository\org\apache\camel\springboot\camel-xpath-starter\3.18.3\camel-xpath-starter-3.18.3.jar;C:\Users\TCM-00029\.m2\repository\org\apache\camel\camel-xpath\3.18.3\camel-xpath-3.18.3.jar;C:\Users\TCM-00029\.m2\repository\org\apache\camel\springboot\camel-xslt-starter\3.18.3\camel-xslt-starter-3.18.3.jar;C:\Users\TCM-00029\.m2\repository\org\apache\camel\camel-xslt\3.18.3\camel-xslt-3.18.3.jar;C:\Users\TCM-00029\.m2\repository\org\apache\camel\springboot\camel-xml-jaxp-starter\3.18.3\camel-xml-jaxp-starter-3.18.3.jar;C:\Users\TCM-00029\.m2\repository\org\apache\camel\camel-xml-jaxp\3.18.3\camel-xml-jaxp-3.18.3.jar;C:\Users\TCM-00029\.m2\repository\org\apache\camel\camel-xml-io-util\3.18.3\camel-xml-io-util-3.18.3.jar;C:\Users\TCM-00029\.m2\repository\org\apache\camel\springboot\camel-stream-starter\3.18.3\camel-stream-starter-3.18.3.jar;C:\Users\TCM-00029\.m2\repository\org\apache\camel\camel-stream\3.18.3\camel-stream-3.18.3.jar;C:\Users\TCM-00029\.m2\repository\org\apache\camel\camel-support\3.18.3\camel-support-3.18.3.jar;C:\Users\TCM-00029\.m2\repository\org\springframework\boot\spring-boot-starter-test\2.7.5\spring-boot-starter-test-2.7.5.jar;C:\Users\TCM-00029\.m2\repository\org\springframework\boot\spring-boot-test\2.7.5\spring-boot-test-2.7.5.jar;C:\Users\TCM-00029\.m2\repository\org\springframework\boot\spring-boot-test-autoconfigure\2.7.5\spring-boot-test-autoconfigure-2.7.5.jar;C:\Users\TCM-00029\.m2\repository\com\jayway\jsonpath\json-path\2.7.0\json-path-2.7.0.jar;C:\Users\TCM-00029\.m2\repository\net\minidev\json-smart\2.4.8\json-smart-2.4.8.jar;C:\Users\TCM-00029\.m2\repository\net\minidev\accessors-smart\2.4.8\accessors-smart-2.4.8.jar;C:\Users\TCM-00029\.m2\repository\org\ow2\asm\asm\9.1\asm-9.1.jar;C:\Users\TCM-00029\.m2\repository\org\slf4j\slf4j-api\1.7.36\slf4j-api-1.7.36.jar;C:\Users\TCM-00029\.m2\repository\jakarta\xml\bind\jakarta.xml.bind-api\2.3.3\jakarta.xml.bind-api-2.3.3.jar;C:\Users\TCM-00029\.m2\repository\jakarta\activation\jakarta.activation-api\1.2.2\jakarta.activation-api-1.2.2.jar;C:\Users\TCM-00029\.m2\repository\org\assertj\assertj-core\3.22.0\assertj-core-3.22.0.jar;C:\Users\TCM-00029\.m2\repository\org\hamcrest\hamcrest\2.2\hamcrest-2.2.jar;C:\Users\TCM-00029\.m2\repository\org\junit\jupiter\junit-jupiter\5.8.2\junit-jupiter-5.8.2.jar;C:\Users\TCM-00029\.m2\repository\org\junit\jupiter\junit-jupiter-api\5.8.2\junit-jupiter-api-5.8.2.jar;C:\Users\TCM-00029\.m2\repository\org\opentest4j\opentest4j\1.2.0\opentest4j-1.2.0.jar;C:\Users\TCM-00029\.m2\repository\org\junit\platform\junit-platform-commons\1.8.2\junit-platform-commons-1.8.2.jar;C:\Users\TCM-00029\.m2\repository\org\apiguardian\apiguardian-api\1.1.2\apiguardian-api-1.1.2.jar;C:\Users\TCM-00029\.m2\repository\org\junit\jupiter\junit-jupiter-params\5.8.2\junit-jupiter-params-5.8.2.jar;C:\Users\TCM-00029\.m2\repository\org\junit\jupiter\junit-jupiter-engine\5.8.2\junit-jupiter-engine-5.8.2.jar;C:\Users\TCM-00029\.m2\repository\org\junit\platform\junit-platform-engine\1.8.2\junit-platform-engine-1.8.2.jar;C:\Users\TCM-00029\.m2\repository\org\mockito\mockito-core\4.5.1\mockito-core-4.5.1.jar;C:\Users\TCM-00029\.m2\repository\net\bytebuddy\byte-buddy\1.12.18\byte-buddy-1.12.18.jar;C:\Users\TCM-00029\.m2\repository\net\bytebuddy\byte-buddy-agent\1.12.18\byte-buddy-agent-1.12.18.jar;C:\Users\TCM-00029\.m2\repository\org\objenesis\objenesis\3.2\objenesis-3.2.jar;C:\Users\TCM-00029\.m2\repository\org\mockito\mockito-junit-jupiter\4.5.1\mockito-junit-jupiter-4.5.1.jar;C:\Users\TCM-00029\.m2\repository\org\skyscreamer\jsonassert\1.5.1\jsonassert-1.5.1.jar;C:\Users\TCM-00029\.m2\repository\com\vaadin\external\google\android-json\0.0.20131108.vaadin1\android-json-0.0.20131108.vaadin1.jar;C:\Users\TCM-00029\.m2\repository\org\springframework\spring-core\5.3.23\spring-core-5.3.23.jar;C:\Users\TCM-00029\.m2\repository\org\springframework\spring-jcl\5.3.23\spring-jcl-5.3.23.jar;C:\Users\TCM-00029\.m2\repository\org\springframework\spring-test\5.3.23\spring-test-5.3.23.jar;C:\Users\TCM-00029\.m2\repository\org\xmlunit\xmlunit-core\2.9.0\xmlunit-core-2.9.0.jar;C:\Users\TCM-00029\.m2\repository\org\apache\camel\camel-test-spring-junit5\3.18.3\camel-test-spring-junit5-3.18.3.jar;C:\Users\TCM-00029\.m2\repository\org\apache\camel\camel-test-junit5\3.18.3\camel-test-junit5-3.18.3.jar;C:\Users\TCM-00029\.m2\repository\org\apache\camel\camel-core-languages\3.18.3\camel-core-languages-3.18.3.jar;C:\Users\TCM-00029\.m2\repository\org\apache\camel\camel-spring-xml\3.18.3\camel-spring-xml-3.18.3.jar;C:\Users\TCM-00029\.m2\repository\org\apache\camel\camel-xml-jaxb\3.18.3\camel-xml-jaxb-3.18.3.jar;C:\Users\TCM-00029\.m2\repository\com\sun\xml\bind\jaxb-core\2.3.0\jaxb-core-2.3.0.jar;C:\Users\TCM-00029\.m2\repository\com\sun\xml\bind\jaxb-impl\2.3.3\jaxb-impl-2.3.3.jar;C:\Users\TCM-00029\.m2\repository\com\sun\activation\jakarta.activation\1.2.2\jakarta.activation-1.2.2.jar;C:\Users\TCM-00029\.m2\repository\org\apache\camel\camel-core-xml\3.18.3\camel-core-xml-3.18.3.jar;C:\Users\TCM-00029\.m2\repository\javax\annotation\javax.annotation-api\1.3.2\javax.annotation-api-1.3.2.jar;C:\Users\TCM-00029\.m2\repository\org\apache\camel\springboot\camel-direct-starter\3.18.3\camel-direct-starter-3.18.3.jar;C:\Users\TCM-00029\.m2\repository\org\apache\camel\camel-direct\3.18.3\camel-direct-3.18.3.jar;C:\Users\TCM-00029\.m2\repository\org\apache\commons\commons-csv\1.10.0\commons-csv-1.10.0.jar;C:\Users\TCM-00029\.m2\repository\org\projectlombok\lombok\1.18.24\lombok-1.18.24.jar;C:\Users\TCM-00029\.m2\repository\org\springframework\boot\spring-boot-starter-data-mongodb\2.7.5\spring-boot-starter-data-mongodb-2.7.5.jar;C:\Users\TCM-00029\.m2\repository\org\mongodb\mongodb-driver-sync\4.6.1\mongodb-driver-sync-4.6.1.jar;C:\Users\TCM-00029\.m2\repository\org\mongodb\bson\4.6.1\bson-4.6.1.jar;C:\Users\TCM-00029\.m2\repository\org\mongodb\mongodb-driver-core\4.6.1\mongodb-driver-core-4.6.1.jar;C:\Users\TCM-00029\.m2\repository\org\mongodb\bson-record-codec\4.6.1\bson-record-codec-4.6.1.jar;C:\Users\TCM-00029\.m2\repository\org\springframework\data\spring-data-mongodb\3.4.5\spring-data-mongodb-3.4.5.jar;C:\Users\TCM-00029\.m2\repository\org\springframework\spring-tx\5.3.23\spring-tx-5.3.23.jar;C:\Users\TCM-00029\.m2\repository\org\springframework\data\spring-data-commons\2.7.5\spring-data-commons-2.7.5.jar;C:\Users\TCM-00029\.m2\repository\com\opencsv\opencsv\5.6\opencsv-5.6.jar;C:\Users\TCM-00029\.m2\repository\org\apache\commons\commons-lang3\3.12.0\commons-lang3-3.12.0.jar;C:\Users\TCM-00029\.m2\repository\org\apache\commons\commons-text\1.9\commons-text-1.9.jar;C:\Users\TCM-00029\.m2\repository\commons-beanutils\commons-beanutils\1.9.4\commons-beanutils-1.9.4.jar;C:\Users\TCM-00029\.m2\repository\commons-logging\commons-logging\1.2\commons-logging-1.2.jar;C:\Users\TCM-00029\.m2\repository\commons-collections\commons-collections\3.2.2\commons-collections-3.2.2.jar;C:\Users\TCM-00029\.m2\repository\org\apache\commons\commons-collections4\4.4\commons-collections4-4.4.jar;"/>
    <property name="sun.cpu.endian" value="little"/>
    <property name="user.home" value="C:\Users\TCM-00029"/>
    <property name="user.language" value="es"/>
    <property name="java.specification.vendor" value="Oracle Corporation"/>
    <property name="java.version.date" value="2024-07-16"/>
    <property name="java.home" value="C:\Users\TCM-00029\.jdks\corretto-17.0.12"/>
    <property name="file.separator" value="\"/>
    <property name="basedir" value="C:\Users\TCM-00029\Documents\GitHub\optosval"/>
    <property name="java.vm.compressedOopsMode" value="32-bit"/>
    <property name="line.separator" value="&#10;"/>
    <property name="java.vm.specification.vendor" value="Oracle Corporation"/>
    <property name="java.specification.name" value="Java Platform API Specification"/>
    <property name="FILE_LOG_CHARSET" value="windows-1252"/>
    <property name="java.awt.headless" value="true"/>
    <property name="surefire.real.class.path" value="C:\Users\TCM-00029\AppData\Local\Temp\surefire9893474003793961540\surefirebooter3360794831028897210.jar"/>
    <property name="user.script" value=""/>
    <property name="sun.management.compiler" value="HotSpot 64-Bit Tiered Compilers"/>
    <property name="java.runtime.version" value="17.0.12+7-LTS"/>
    <property name="user.name" value="TCM-00029"/>
    <property name="path.separator" value=";"/>
    <property name="os.version" value="10.0"/>
    <property name="java.runtime.name" value="OpenJDK Runtime Environment"/>
    <property name="file.encoding" value="Cp1252"/>
    <property name="spring.beaninfo.ignore" value="true"/>
    <property name="java.vm.name" value="OpenJDK 64-Bit Server VM"/>
    <property name="java.vendor.version" value="Corretto-17.0.12.7.1"/>
    <property name="localRepository" value="C:\Users\TCM-00029\.m2\repository"/>
    <property name="java.vendor.url.bug" value="https://github.com/corretto/corretto-17/issues/"/>
    <property name="java.io.tmpdir" value="C:\Users\TCM-00~1\AppData\Local\Temp\"/>
    <property name="idea.version" value="2024.1.4"/>
    <property name="java.version" value="17.0.12"/>
    <property name="user.dir" value="C:\Users\TCM-00029\Documents\GitHub\optosval"/>
    <property name="os.arch" value="amd64"/>
    <property name="java.vm.specification.name" value="Java Virtual Machine Specification"/>
    <property name="PID" value="9468"/>
    <property name="sun.os.patch.level" value=""/>
    <property name="CONSOLE_LOG_CHARSET" value="windows-1252"/>
    <property name="native.encoding" value="Cp1252"/>
    <property name="java.library.path" value="C:\Users\TCM-00029\.jdks\corretto-17.0.12\bin;C:\Windows\Sun\Java\bin;C:\Windows\system32;C:\Windows;C:\app\TCM-00029\product\21c\dbhomeXE\bin;C:\Program Files\Common Files\Oracle\Java\javapath;C:\Program Files (x86)\Common Files\Oracle\Java\java8path;C:\Program Files (x86)\Common Files\Oracle\Java\javapath;C:\Windows\system32;C:\Windows;C:\Windows\System32\Wbem;C:\Windows\System32\WindowsPowerShell\v1.0\;C:\Windows\System32\OpenSSH\;C:\Program Files\Git\cmd;C:\Program Files (x86)\Microsoft SQL Server\160\DTS\Binn\;C:\Program Files\RedHat\Podman\;C:\Program Files\nodejs\;C:\ProgramData\chocolatey\bin;C:\Program Files\PuTTY\;C:\Program Files\Java\jdk-22;;C:\Program Files (x86)\Microsoft SQL Server\160\Tools\Binn\;C:\Program Files\Microsoft SQL Server\160\Tools\Binn\;C:\Program Files\Microsoft SQL Server\Client SDK\ODBC\170\Tools\Binn\;C:\Program Files\Microsoft SQL Server\160\DTS\Binn\;C:\Program Files\dotnet\;C:\Program Files\Docker\Docker\resources\bin;C:\Users\TCM-00029\AppData\Local\Programs\Python\Python312\Scripts\;C:\Users\TCM-00029\AppData\Local\Programs\Python\Python312\;C:\Users\TCM-00029\AppData\Local\Microsoft\WindowsApps;C:\Users\TCM-00029\AppData\Local\Programs\Microsoft VS Code\bin;C:\Users\TCM-00029\AppData\Local\GitHubDesktop\bin;C:\Program Files\JetBrains\IntelliJ IDEA Community Edition 2024.1.4\bin;;C:\Users\TCM-00029\AppData\Roaming\npm;C:\Users\TCM-00029\Documents\apache-maven-3.9.8\bin;C:\Program Files\Microsoft SQL Server\160\Tools\Binn;C:\Users\TCM-00029\AppData\Local\Muse Hub\lib;C:\Program Files\Java\jdk1.8.0_202\bin;;."/>
    <property name="java.vm.info" value="mixed mode, sharing"/>
    <property name="java.vendor" value="Amazon.com Inc."/>
    <property name="java.vm.version" value="17.0.12+7-LTS"/>
    <property name="sun.io.unicode.encoding" value="UnicodeLittle"/>
    <property name="java.class.version" value="61.0"/>
  </properties>
  <testcase name="test" classname="com.tcmp.optosval.MySpringBootApplicationTest" time="1.951">
    <error type="java.lang.IllegalArgumentException"><![CDATA[java.lang.IllegalArgumentException: Cannot advice route as route with id: hello does not exists
	at com.tcmp.optosval.MySpringBootApplicationTest.test(MySpringBootApplicationTest.java:27)
]]></error>
    <system-out><![CDATA[13:15:06.055 [main] DEBUG org.springframework.test.context.BootstrapUtils - Instantiating CacheAwareContextLoaderDelegate from class [org.springframework.test.context.cache.DefaultCacheAwareContextLoaderDelegate]
13:15:06.084 [main] DEBUG org.springframework.test.context.BootstrapUtils - Instantiating BootstrapContext using constructor [public org.springframework.test.context.support.DefaultBootstrapContext(java.lang.Class,org.springframework.test.context.CacheAwareContextLoaderDelegate)]
13:15:06.176 [main] DEBUG org.springframework.test.context.BootstrapUtils - Instantiating TestContextBootstrapper for test class [com.tcmp.optosval.MySpringBootApplicationTest] from class [org.springframework.boot.test.context.SpringBootTestContextBootstrapper]
13:15:06.205 [main] INFO org.springframework.boot.test.context.SpringBootTestContextBootstrapper - Neither @ContextConfiguration nor @ContextHierarchy found for test class [com.tcmp.optosval.MySpringBootApplicationTest], using SpringBootContextLoader
13:15:06.217 [main] DEBUG org.springframework.test.context.support.AbstractContextLoader - Did not detect default resource location for test class [com.tcmp.optosval.MySpringBootApplicationTest]: class path resource [com/tcmp/optosval/MySpringBootApplicationTest-context.xml] does not exist
13:15:06.219 [main] DEBUG org.springframework.test.context.support.AbstractContextLoader - Did not detect default resource location for test class [com.tcmp.optosval.MySpringBootApplicationTest]: class path resource [com/tcmp/optosval/MySpringBootApplicationTestContext.groovy] does not exist
13:15:06.220 [main] INFO org.springframework.test.context.support.AbstractContextLoader - Could not detect default resource locations for test class [com.tcmp.optosval.MySpringBootApplicationTest]: no resource found for suffixes {-context.xml, Context.groovy}.
13:15:06.222 [main] INFO org.springframework.test.context.support.AnnotationConfigContextLoaderUtils - Could not detect default configuration classes for test class [com.tcmp.optosval.MySpringBootApplicationTest]: MySpringBootApplicationTest does not declare any static, non-private, non-final, nested classes annotated with @Configuration.
13:15:06.408 [main] DEBUG org.springframework.test.context.support.ActiveProfilesUtils - Could not find an 'annotation declaring class' for annotation type [org.springframework.test.context.ActiveProfiles] and class [com.tcmp.optosval.MySpringBootApplicationTest]
13:15:06.604 [main] DEBUG org.springframework.context.annotation.ClassPathScanningCandidateComponentProvider - Identified candidate component class: file [C:\Users\TCM-00029\Documents\GitHub\optosval\target\classes\com\tcmp\optosval\MySpringBootApplication.class]
13:15:06.642 [main] INFO org.springframework.boot.test.context.SpringBootTestContextBootstrapper - Found @SpringBootConfiguration com.tcmp.optosval.MySpringBootApplication for test class com.tcmp.optosval.MySpringBootApplicationTest
13:15:06.965 [main] DEBUG org.springframework.boot.test.context.SpringBootTestContextBootstrapper - Merging default listeners with listeners configured via @TestExecutionListeners for class [com.tcmp.optosval.MySpringBootApplicationTest].
13:15:06.966 [main] INFO org.springframework.boot.test.context.SpringBootTestContextBootstrapper - Loaded default TestExecutionListener class names from location [META-INF/spring.factories]: [org.springframework.boot.test.mock.mockito.MockitoTestExecutionListener, org.springframework.boot.test.mock.mockito.ResetMocksTestExecutionListener, org.springframework.boot.test.autoconfigure.restdocs.RestDocsTestExecutionListener, org.springframework.boot.test.autoconfigure.web.client.MockRestServiceServerResetTestExecutionListener, org.springframework.boot.test.autoconfigure.web.servlet.MockMvcPrintOnlyOnFailureTestExecutionListener, org.springframework.boot.test.autoconfigure.web.servlet.WebDriverTestExecutionListener, org.springframework.boot.test.autoconfigure.webservices.client.MockWebServiceServerTestExecutionListener, org.springframework.test.context.web.ServletTestExecutionListener, org.springframework.test.context.support.DirtiesContextBeforeModesTestExecutionListener, org.springframework.test.context.event.ApplicationEventsTestExecutionListener, org.springframework.test.context.support.DependencyInjectionTestExecutionListener, org.springframework.test.context.support.DirtiesContextTestExecutionListener, org.springframework.test.context.transaction.TransactionalTestExecutionListener, org.springframework.test.context.jdbc.SqlScriptsTestExecutionListener, org.springframework.test.context.event.EventPublishingTestExecutionListener]
13:15:07.019 [main] INFO org.springframework.boot.test.context.SpringBootTestContextBootstrapper - Using TestExecutionListeners: [org.apache.camel.test.spring.junit5.CamelSpringTestContextLoaderTestExecutionListener@2dca0d64, org.apache.camel.test.spring.junit5.CamelSpringBootExecutionListener@f80945f, org.apache.camel.test.spring.junit5.StopWatchTestExecutionListener@ff684e1, org.springframework.test.context.web.ServletTestExecutionListener@23aa363a, org.springframework.test.context.support.DirtiesContextBeforeModesTestExecutionListener@5ef6ae06, org.springframework.test.context.event.ApplicationEventsTestExecutionListener@55dfebeb, org.springframework.boot.test.mock.mockito.MockitoTestExecutionListener@6e35bc3d, org.springframework.boot.test.autoconfigure.SpringBootDependencyInjectionTestExecutionListener@1cdc4c27, org.springframework.test.context.support.DirtiesContextTestExecutionListener@77b14724, org.springframework.test.context.transaction.TransactionalTestExecutionListener@5d9b7a8a, org.springframework.test.context.jdbc.SqlScriptsTestExecutionListener@1e8ce150, org.springframework.test.context.event.EventPublishingTestExecutionListener@604f2bd2, org.springframework.boot.test.mock.mockito.ResetMocksTestExecutionListener@1d3ac898, org.springframework.boot.test.autoconfigure.restdocs.RestDocsTestExecutionListener@1b73be9f, org.springframework.boot.test.autoconfigure.web.client.MockRestServiceServerResetTestExecutionListener@628c4ac0, org.springframework.boot.test.autoconfigure.web.servlet.MockMvcPrintOnlyOnFailureTestExecutionListener@7b84fcf8, org.springframework.boot.test.autoconfigure.web.servlet.WebDriverTestExecutionListener@30b19518, org.springframework.boot.test.autoconfigure.webservices.client.MockWebServiceServerTestExecutionListener@363042d7]
13:15:07.191 [main] DEBUG org.springframework.test.context.support.AbstractDirtiesContextTestExecutionListener - Before test class: context [DefaultTestContext@2cc3ad05 testClass = MySpringBootApplicationTest, testInstance = [null], testMethod = [null], testException = [null], mergedContextConfiguration = [WebMergedContextConfiguration@710b18a6 testClass = MySpringBootApplicationTest, locations = '{}', classes = '{class com.tcmp.optosval.MySpringBootApplication}', contextInitializerClasses = '[]', activeProfiles = '{}', propertySourceLocations = '{}', propertySourceProperties = '{org.springframework.boot.test.context.SpringBootTestContextBootstrapper=true}', contextCustomizers = set[org.springframework.boot.test.context.filter.ExcludeFilterContextCustomizer@30f842ca, org.springframework.boot.test.json.DuplicateJsonObjectContextCustomizerFactory$DuplicateJsonObjectContextCustomizer@25df00a0, org.springframework.boot.test.mock.mockito.MockitoContextCustomizer@0, org.springframework.boot.test.web.client.TestRestTemplateContextCustomizer@1be2019a, org.springframework.boot.test.autoconfigure.actuate.metrics.MetricsExportContextCustomizerFactory$DisableMetricExportContextCustomizer@28cda624, org.springframework.boot.test.autoconfigure.properties.PropertyMappingContextCustomizer@0, org.springframework.boot.test.autoconfigure.web.servlet.WebDriverContextCustomizerFactory$Customizer@41330d4f, org.springframework.boot.test.context.SpringBootTestArgs@1, org.springframework.boot.test.context.SpringBootTestWebEnvironment@37574691], resourceBasePath = 'src/main/webapp', contextLoader = 'org.springframework.boot.test.context.SpringBootContextLoader', parent = [null]], attributes = map['org.springframework.test.context.web.ServletTestExecutionListener.activateListener' -> true]], class annotated with @DirtiesContext [false] with mode [null].
13:15:07.220 [main] INFO org.apache.camel.test.spring.junit5.CamelSpringBootExecutionListener - CamelSpringBootExecutionListener preparing: class com.tcmp.optosval.MySpringBootApplicationTest
13:15:07.245 [main] INFO org.apache.camel.test.spring.junit5.CamelAnnotationsHandler - Disabling Camel JMX globally for tests by default.  Use the DisableJMX annotation to override the default setting.

  .   ____          _            __ _ _
 /\\ / ___'_ __ _ _(_)_ __  __ _ \ \ \ \
( ( )\___ | '_ | '_| | '_ \/ _` | \ \ \ \
 \\/  ___)| |_)| | | | | || (_| |  ) ) ) )
  '  |____| .__|_| |_|_| |_\__, | / / / /
 =========|_|==============|___/=/_/_/_/
 :: Spring Boot ::                (v2.7.5)

2024-12-16 13:15:08.237  INFO 9468 --- [           main] c.t.o.MySpringBootApplicationTest        : Starting MySpringBootApplicationTest using Java 17.0.12 on PABLOCASTANEDA with PID 9468 (started by TCM-00029 in C:\Users\TCM-00029\Documents\GitHub\optosval)
2024-12-16 13:15:08.240  INFO 9468 --- [           main] c.t.o.MySpringBootApplicationTest        : No active profile set, falling back to 1 default profile: "default"
2024-12-16 13:15:11.200  INFO 9468 --- [           main] .s.d.r.c.RepositoryConfigurationDelegate : Bootstrapping Spring Data MongoDB repositories in DEFAULT mode.
2024-12-16 13:15:11.233  INFO 9468 --- [           main] .s.d.r.c.RepositoryConfigurationDelegate : Finished Spring Data repository scanning in 19 ms. Found 0 MongoDB repository interfaces.
2024-12-16 13:15:14.142  INFO 9468 --- [           main] org.mongodb.driver.client                : MongoClient with metadata {"driver": {"name": "mongo-java-driver|sync|spring-boot", "version": "4.6.1"}, "os": {"type": "Windows", "name": "Windows 10", "architecture": "amd64", "version": "10.0"}, "platform": "Java/Amazon.com Inc./17.0.12+7-LTS"} created with settings MongoClientSettings{readPreference=primary, writeConcern=WriteConcern{w=null, wTimeout=null ms, journal=null}, retryWrites=true, retryReads=true, readConcern=ReadConcern{level=null}, credential=null, streamFactoryFactory=null, commandListeners=[io.micrometer.core.instrument.binder.mongodb.MongoMetricsCommandListener@6e068ac9], codecRegistry=ProvidersCodecRegistry{codecProviders=[ValueCodecProvider{}, BsonValueCodecProvider{}, DBRefCodecProvider{}, DBObjectCodecProvider{}, DocumentCodecProvider{}, IterableCodecProvider{}, MapCodecProvider{}, GeoJsonCodecProvider{}, GridFSFileCodecProvider{}, Jsr310CodecProvider{}, JsonObjectCodecProvider{}, BsonCodecProvider{}, EnumCodecProvider{}, com.mongodb.Jep395RecordCodecProvider@3d0352]}, clusterSettings={hosts=[localhost:27017], srvServiceName=mongodb, mode=SINGLE, requiredClusterType=UNKNOWN, requiredReplicaSetName='null', serverSelector='null', clusterListeners='[]', serverSelectionTimeout='30000 ms', localThreshold='30000 ms'}, socketSettings=SocketSettings{connectTimeoutMS=10000, readTimeoutMS=0, receiveBufferSize=0, sendBufferSize=0}, heartbeatSocketSettings=SocketSettings{connectTimeoutMS=10000, readTimeoutMS=10000, receiveBufferSize=0, sendBufferSize=0}, connectionPoolSettings=ConnectionPoolSettings{maxSize=100, minSize=0, maxWaitTimeMS=120000, maxConnectionLifeTimeMS=0, maxConnectionIdleTimeMS=0, maintenanceInitialDelayMS=0, maintenanceFrequencyMS=60000, connectionPoolListeners=[io.micrometer.core.instrument.binder.mongodb.MongoMetricsConnectionPoolListener@bb6f3f7], maxConnecting=2}, serverSettings=ServerSettings{heartbeatFrequencyMS=10000, minHeartbeatFrequencyMS=500, serverListeners='[]', serverMonitorListeners='[]'}, sslSettings=SslSettings{enabled=false, invalidHostNameAllowed=false, context=null}, applicationName='null', compressorList=[], uuidRepresentation=JAVA_LEGACY, serverApi=null, autoEncryptionSettings=null, contextProvider=null}
2024-12-16 13:15:14.252  INFO 9468 --- [localhost:27017] org.mongodb.driver.connection            : Opened connection [connectionId{localValue:1, serverValue:81}] to localhost:27017
2024-12-16 13:15:14.252  INFO 9468 --- [localhost:27017] org.mongodb.driver.cluster               : Monitor thread successfully connected to server with description ServerDescription{address=localhost:27017, type=STANDALONE, state=CONNECTED, ok=true, minWireVersion=0, maxWireVersion=21, maxDocumentSize=16777216, logicalSessionTimeoutMinutes=30, roundTripTimeNanos=91887000}
2024-12-16 13:15:14.253  INFO 9468 --- [localhost:27017] org.mongodb.driver.connection            : Opened connection [connectionId{localValue:2, serverValue:82}] to localhost:27017
2024-12-16 13:15:17.470  INFO 9468 --- [           main] o.s.b.a.e.web.EndpointLinksResolver      : Exposing 3 endpoint(s) beneath base path '/actuator'
2024-12-16 13:15:17.622  INFO 9468 --- [           main] c.tcmp.optosval.routes.MyRouterBuilder   : Camel route is being initialized...
2024-12-16 13:15:17.802  INFO 9468 --- [           main] c.t.o.MySpringBootApplicationTest        : Started MySpringBootApplicationTest in 10.46 seconds (JVM running for 14.257)
2024-12-16 13:15:17.836  INFO 9468 --- [           main] o.a.c.t.s.j.CamelAnnotationsHandler      : Setting shutdown timeout to [10 SECONDS] on CamelContext with name [camelContext].
2024-12-16 13:15:17.891  INFO 9468 --- [           main] c.t.s.j.CamelSpringBootExecutionListener : CamelSpringBootExecutionListener before: class com.tcmp.optosval.MySpringBootApplicationTest.test
2024-12-16 13:15:17.893  INFO 9468 --- [           main] c.t.s.j.CamelSpringBootExecutionListener : Initialized CamelSpringBootExecutionListener now ready to start CamelContext
2024-12-16 13:15:17.895  INFO 9468 --- [           main] o.a.c.t.s.j.CamelAnnotationsHandler      : Starting CamelContext with name [camelContext].
2024-12-16 13:15:18.578  INFO 9468 --- [           main] o.a.c.impl.engine.AbstractCamelContext   : Apache Camel 3.18.3 (MyCamel) is starting
2024-12-16 13:15:18.609  INFO 9468 --- [           main] o.a.c.impl.engine.AbstractCamelContext   : Routes startup (started:1)
2024-12-16 13:15:18.609  INFO 9468 --- [           main] o.a.c.impl.engine.AbstractCamelContext   :     Started mongoServiceRoute (direct://start)
2024-12-16 13:15:18.610  INFO 9468 --- [           main] o.a.c.impl.engine.AbstractCamelContext   : Apache Camel 3.18.3 (MyCamel) started in 871ms (build:158ms init:682ms start:31ms)
2024-12-16 13:15:19.820  INFO 9468 --- [           main] c.t.o.MySpringBootApplicationTest        : ********************************************************************************
2024-12-16 13:15:19.821  INFO 9468 --- [           main] c.t.o.MySpringBootApplicationTest        : Testing done: test (com.tcmp.optosval.MySpringBootApplicationTest)
2024-12-16 13:15:19.821  INFO 9468 --- [           main] c.t.o.MySpringBootApplicationTest        : Took: 1s207ms (1207 millis)
2024-12-16 13:15:19.822  INFO 9468 --- [           main] c.t.o.MySpringBootApplicationTest        : ********************************************************************************
2024-12-16 13:15:19.822  INFO 9468 --- [           main] c.t.s.j.CamelSpringBootExecutionListener : CamelSpringBootExecutionListener after: class com.tcmp.optosval.MySpringBootApplicationTest.test
]]></system-out>
  </testcase>
</testsuite>